15:33:03 **** Incremental Build of configuration Nios II for project freertos_test ****
make all 
Info: Building ../freertos_test_bsp/
C:/intelFPGA/18.1/nios2eds/bin/gnu/H-x86_64-mingw32/bin/make --no-print-directory -C ../freertos_test_bsp/
[BSP build complete]
[freertos_test build complete]
15:33:11 **** Incremental Build of configuration Nios II for project freertos_test ****
make all 
Info: Building ../freertos_test_bsp/
C:/intelFPGA/18.1/nios2eds/bin/gnu/H-x86_64-mingw32/bin/make --no-print-directory -C ../freertos_test_bsp/
[BSP build complete]
Info: Compiling freertos_semaphore.c to obj/default/freertos_semaphore.o
nios2-elf-gcc -xc -MP -MMD -c -I../freertos_test_bsp//HAL/inc -I../freertos_test_bsp/ -I../freertos_test_bsp//drivers/inc  -pipe -D__hal__ -DALT_NO_INSTRUCTION_EMULATION -DALT_SINGLE_THREADED    -O0 -g -Wall   -mhw-div -mhw-mul -mno-hw-mulx -mgpopt=global  -o obj/default/freertos_semaphore.o freertos_semaphore.c
Info: Linking freertos_test.elf
nios2-elf-g++  -T'../freertos_test_bsp//linker.x' -msys-crt0='../freertos_test_bsp//obj/HAL/src/crt0.o' -msys-lib=hal_bsp -L../freertos_test_bsp/   -Wl,-Map=freertos_test.map   -O0 -g -Wall   -mhw-div -mhw-mul -mno-hw-mulx -mgpopt=global  -o freertos_test.elf obj/default/FreeRTOS/croutine.o obj/default/FreeRTOS/event_groups.o obj/default/FreeRTOS/heap.o obj/default/FreeRTOS/list.o obj/default/FreeRTOS/port.o obj/default/FreeRTOS/queue.o obj/default/FreeRTOS/tasks.o obj/default/FreeRTOS/timers.o obj/default/freertos_semaphore.o obj/default/FreeRTOS/port_asm.o -lm -msys-lib=m
nios2-elf-insert freertos_test.elf --thread_model hal --cpu_name nios2 --qsys true --simulation_enabled false --id 7 --sidp 0x430f0 --timestamp 1393900972 --stderr_dev jtag_uart --stdin_dev jtag_uart --stdout_dev jtag_uart --sopc_system_name nios2 --quartus_project_dir "C:/Users/ylee903/compsys_723/lab_1" --sopcinfo C:/Users/ylee903/compsys_723/lab_1/software/freertos_test_bsp/../../nios2.sopcinfo
Info: (freertos_test.elf) 610 KBytes program size (code + initialized data).
Info:                     130561 KBytes free for stack + heap.
Info: Creating freertos_test.objdump
nios2-elf-objdump --disassemble --syms --all-header --source freertos_test.elf >freertos_test.objdump
[freertos_test build complete]
15:45:56 **** Incremental Build of configuration Nios II for project freertos_test ****
make all 
Info: Building ../freertos_test_bsp/
C:/intelFPGA/18.1/nios2eds/bin/gnu/H-x86_64-mingw32/bin/make --no-print-directory -C ../freertos_test_bsp/
[BSP build complete]
Info: Compiling freertos_semaphore.c to obj/default/freertos_semaphore.o
nios2-elf-gcc -xc -MP -MMD -c -I../freertos_test_bsp//HAL/inc -I../freertos_test_bsp/ -I../freertos_test_bsp//drivers/inc  -pipe -D__hal__ -DALT_NO_INSTRUCTION_EMULATION -DALT_SINGLE_THREADED    -O0 -g -Wall   -mhw-div -mhw-mul -mno-hw-mulx -mgpopt=global  -o obj/default/freertos_semaphore.o freertos_semaphore.c
Info: Linking freertos_test.elf
nios2-elf-g++  -T'../freertos_test_bsp//linker.x' -msys-crt0='../freertos_test_bsp//obj/HAL/src/crt0.o' -msys-lib=hal_bsp -L../freertos_test_bsp/   -Wl,-Map=freertos_test.map   -O0 -g -Wall   -mhw-div -mhw-mul -mno-hw-mulx -mgpopt=global  -o freertos_test.elf obj/default/FreeRTOS/croutine.o obj/default/FreeRTOS/event_groups.o obj/default/FreeRTOS/heap.o obj/default/FreeRTOS/list.o obj/default/FreeRTOS/port.o obj/default/FreeRTOS/queue.o obj/default/FreeRTOS/tasks.o obj/default/FreeRTOS/timers.o obj/default/freertos_semaphore.o obj/default/FreeRTOS/port_asm.o -lm -msys-lib=m
nios2-elf-insert freertos_test.elf --thread_model hal --cpu_name nios2 --qsys true --simulation_enabled false --id 7 --sidp 0x430f0 --timestamp 1393900972 --stderr_dev jtag_uart --stdin_dev jtag_uart --stdout_dev jtag_uart --sopc_system_name nios2 --quartus_project_dir "C:/Users/ylee903/compsys_723/lab_1" --sopcinfo C:/Users/ylee903/compsys_723/lab_1/software/freertos_test_bsp/../../nios2.sopcinfo
Info: (freertos_test.elf) 613 KBytes program size (code + initialized data).
Info:                     130561 KBytes free for stack + heap.
Info: Creating freertos_test.objdump
nios2-elf-objdump --disassemble --syms --all-header --source freertos_test.elf >freertos_test.objdump
[freertos_test build complete]
15:47:04 **** Incremental Build of configuration Nios II for project freertos_test ****
make all 
Info: Building ../freertos_test_bsp/
C:/intelFPGA/18.1/nios2eds/bin/gnu/H-x86_64-mingw32/bin/make --no-print-directory -C ../freertos_test_bsp/
[BSP build complete]
Info: Compiling freertos_semaphore.c to obj/default/freertos_semaphore.o
nios2-elf-gcc -xc -MP -MMD -c -I../freertos_test_bsp//HAL/inc -I../freertos_test_bsp/ -I../freertos_test_bsp//drivers/inc  -pipe -D__hal__ -DALT_NO_INSTRUCTION_EMULATION -DALT_SINGLE_THREADED    -O0 -g -Wall   -mhw-div -mhw-mul -mno-hw-mulx -mgpopt=global  -o obj/default/freertos_semaphore.o freertos_semaphore.c
Info: Linking freertos_test.elf
nios2-elf-g++  -T'../freertos_test_bsp//linker.x' -msys-crt0='../freertos_test_bsp//obj/HAL/src/crt0.o' -msys-lib=hal_bsp -L../freertos_test_bsp/   -Wl,-Map=freertos_test.map   -O0 -g -Wall   -mhw-div -mhw-mul -mno-hw-mulx -mgpopt=global  -o freertos_test.elf obj/default/FreeRTOS/croutine.o obj/default/FreeRTOS/event_groups.o obj/default/FreeRTOS/heap.o obj/default/FreeRTOS/list.o obj/default/FreeRTOS/port.o obj/default/FreeRTOS/queue.o obj/default/FreeRTOS/tasks.o obj/default/FreeRTOS/timers.o obj/default/freertos_semaphore.o obj/default/FreeRTOS/port_asm.o -lm -msys-lib=m
nios2-elf-insert freertos_test.elf --thread_model hal --cpu_name nios2 --qsys true --simulation_enabled false --id 7 --sidp 0x430f0 --timestamp 1393900972 --stderr_dev jtag_uart --stdin_dev jtag_uart --stdout_dev jtag_uart --sopc_system_name nios2 --quartus_project_dir "C:/Users/ylee903/compsys_723/lab_1" --sopcinfo C:/Users/ylee903/compsys_723/lab_1/software/freertos_test_bsp/../../nios2.sopcinfo
Info: (freertos_test.elf) 613 KBytes program size (code + initialized data).
Info:                     130561 KBytes free for stack + heap.
Info: Creating freertos_test.objdump
nios2-elf-objdump --disassemble --syms --all-header --source freertos_test.elf >freertos_test.objdump
[freertos_test build complete]
15:50:29 **** Incremental Build of configuration Nios II for project freertos_test ****
make all 
Info: Building ../freertos_test_bsp/
C:/intelFPGA/18.1/nios2eds/bin/gnu/H-x86_64-mingw32/bin/make --no-print-directory -C ../freertos_test_bsp/
[BSP build complete]
[freertos_test build complete]
15:51:11 **** Incremental Build of configuration Nios II for project freertos_test ****
make all 
Info: Building ../freertos_test_bsp/
C:/intelFPGA/18.1/nios2eds/bin/gnu/H-x86_64-mingw32/bin/make --no-print-directory -C ../freertos_test_bsp/
[BSP build complete]
[freertos_test build complete]
